#
# There is insufficient memory for the Java Runtime Environment to continue.
# Native memory allocation (mmap) failed to map 2796552192 bytes for committing reserved memory.
# Possible reasons:
#   The system is out of physical RAM or swap space
#   In 32 bit mode, the process size limit was hit
# Possible solutions:
#   Reduce memory load on the system
#   Increase physical memory or swap space
#   Check if swap backing store is full
#   Use 64 bit Java on a 64 bit OS
#   Decrease Java heap size (-Xmx/-Xms)
#   Decrease number of Java threads
#   Decrease Java thread stack sizes (-Xss)
#   Set larger code cache with -XX:ReservedCodeCacheSize=
# This output file may be truncated or incomplete.
#
#  Out of Memory Error (os_linux.cpp:2627), pid=8397, tid=140188018640640
#
# JRE version:  (8.0_77-b03) (build )
# Java VM: Java HotSpot(TM) 64-Bit Server VM (25.77-b03 mixed mode linux-amd64 compressed oops)
# Failed to write core dump. Core dumps have been disabled. To enable core dumping, try "ulimit -c unlimited" before starting Java again
#

---------------  T H R E A D  ---------------

Current thread (0x00007f800800a000):  JavaThread "Unknown thread" [_thread_in_vm, id=8398, stack(0x00007f8010fd8000,0x00007f80110d9000)]

Stack: [0x00007f8010fd8000,0x00007f80110d9000],  sp=0x00007f80110d7370,  free space=1020k
Native frames: (J=compiled Java code, j=interpreted, Vv=VM code, C=native code)
V  [libjvm.so+0xaba7ea]  VMError::report_and_die()+0x2ba
V  [libjvm.so+0x4f9e3b]  report_vm_out_of_memory(char const*, int, unsigned long, VMErrorType, char const*)+0x8b
V  [libjvm.so+0x91b613]  os::Linux::commit_memory_impl(char*, unsigned long, bool)+0x103
V  [libjvm.so+0x91bb69]  os::pd_commit_memory(char*, unsigned long, unsigned long, bool)+0x29
V  [libjvm.so+0x915e6a]  os::commit_memory(char*, unsigned long, unsigned long, bool)+0x2a
V  [libjvm.so+0x989543]  PSVirtualSpace::expand_by(unsigned long)+0x53
V  [libjvm.so+0x979687]  PSOldGen::initialize(ReservedSpace, unsigned long, char const*, int)+0xb7
V  [libjvm.so+0x2d827a]  AdjoiningGenerations::AdjoiningGenerations(ReservedSpace, GenerationSizer*, unsigned long)+0x39a
V  [libjvm.so+0x93e9c6]  ParallelScavengeHeap::initialize()+0x1d6
V  [libjvm.so+0xa8301b]  Universe::initialize_heap()+0xfb
V  [libjvm.so+0xa8338e]  universe_init()+0x3e
V  [libjvm.so+0x6392c5]  init_globals()+0x65
V  [libjvm.so+0xa6758e]  Threads::create_vm(JavaVMInitArgs*, bool*)+0x23e
V  [libjvm.so+0x6cd7e4]  JNI_CreateJavaVM+0x74
C  [libjli.so+0x745e]  JavaMain+0x9e
C  [libpthread.so.0+0x8182]  start_thread+0xc2


---------------  P R O C E S S  ---------------

Java Threads: ( => current thread )

Other Threads:

=>0x00007f800800a000 (exited) JavaThread "Unknown thread" [_thread_in_vm, id=8398, stack(0x00007f8010fd8000,0x00007f80110d9000)]

VM state:not at safepoint (not fully initialized)

VM Mutex/Monitor currently owned by a thread: None

GC Heap History (0 events):
No events

Deoptimization events (0 events):
No events

Internal exceptions (0 events):
No events

Events (0 events):
No events


Dynamic libraries:
00400000-00401000 r-xp 00000000 08:01 3017806                            /usr/lib/jvm/java-8-oracle/bin/java
00600000-00601000 rw-p 00000000 08:01 3017806                            /usr/lib/jvm/java-8-oracle/bin/java
01837000-01858000 rw-p 00000000 00:00 0                                  [heap]
691f00000-723c00000 ---p 00000000 00:00 0 
723c00000-777100000 rw-p 00000000 00:00 0 
777100000-7c0000000 ---p 00000000 00:00 0 
7f7ff9000000-7f7ff9270000 rwxp 00000000 00:00 0 
7f7ff9270000-7f8008000000 ---p 00000000 00:00 0 
7f8008000000-7f8008032000 rw-p 00000000 00:00 0 
7f8008032000-7f800c000000 ---p 00000000 00:00 0 
7f800cc71000-7f800cef6000 rw-p 00000000 00:00 0 
7f800cef6000-7f800d8ba000 ---p 00000000 00:00 0 
7f800d8ba000-7f800db55000 rw-p 00000000 00:00 0 
7f800db55000-7f800dd9c000 ---p 00000000 00:00 0 
7f800dd9c000-7f800dda7000 rw-p 00000000 00:00 0 
7f800dda7000-7f800e15d000 ---p 00000000 00:00 0 
7f800e15d000-7f800e177000 r-xp 00000000 08:01 3562296                    /usr/lib/jvm/java-8-oracle/jre/lib/amd64/libzip.so
7f800e177000-7f800e377000 ---p 0001a000 08:01 3562296                    /usr/lib/jvm/java-8-oracle/jre/lib/amd64/libzip.so
7f800e377000-7f800e378000 rw-p 0001a000 08:01 3562296                    /usr/lib/jvm/java-8-oracle/jre/lib/amd64/libzip.so
7f800e378000-7f800e383000 r-xp 00000000 08:01 528660                     /lib/x86_64-linux-gnu/libnss_files-2.19.so
7f800e383000-7f800e582000 ---p 0000b000 08:01 528660                     /lib/x86_64-linux-gnu/libnss_files-2.19.so
7f800e582000-7f800e583000 r--p 0000a000 08:01 528660                     /lib/x86_64-linux-gnu/libnss_files-2.19.so
7f800e583000-7f800e584000 rw-p 0000b000 08:01 528660                     /lib/x86_64-linux-gnu/libnss_files-2.19.so
7f800e584000-7f800e58f000 r-xp 00000000 08:01 528670                     /lib/x86_64-linux-gnu/libnss_nis-2.19.so
7f800e58f000-7f800e78e000 ---p 0000b000 08:01 528670                     /lib/x86_64-linux-gnu/libnss_nis-2.19.so
7f800e78e000-7f800e78f000 r--p 0000a000 08:01 528670                     /lib/x86_64-linux-gnu/libnss_nis-2.19.so
7f800e78f000-7f800e790000 rw-p 0000b000 08:01 528670                     /lib/x86_64-linux-gnu/libnss_nis-2.19.so
7f800e790000-7f800e7a7000 r-xp 00000000 08:01 528654                     /lib/x86_64-linux-gnu/libnsl-2.19.so
7f800e7a7000-7f800e9a6000 ---p 00017000 08:01 528654                     /lib/x86_64-linux-gnu/libnsl-2.19.so
7f800e9a6000-7f800e9a7000 r--p 00016000 08:01 528654                     /lib/x86_64-linux-gnu/libnsl-2.19.so
7f800e9a7000-7f800e9a8000 rw-p 00017000 08:01 528654                     /lib/x86_64-linux-gnu/libnsl-2.19.so
7f800e9a8000-7f800e9aa000 rw-p 00000000 00:00 0 
7f800e9aa000-7f800e9b3000 r-xp 00000000 08:01 528656                     /lib/x86_64-linux-gnu/libnss_compat-2.19.so
7f800e9b3000-7f800ebb2000 ---p 00009000 08:01 528656                     /lib/x86_64-linux-gnu/libnss_compat-2.19.so
7f800ebb2000-7f800ebb3000 r--p 00008000 08:01 528656                     /lib/x86_64-linux-gnu/libnss_compat-2.19.so
7f800ebb3000-7f800ebb4000 rw-p 00009000 08:01 528656                     /lib/x86_64-linux-gnu/libnss_compat-2.19.so
7f800ebb4000-7f800ebde000 r-xp 00000000 08:01 3562253                    /usr/lib/jvm/java-8-oracle/jre/lib/amd64/libjava.so
7f800ebde000-7f800edde000 ---p 0002a000 08:01 3562253                    /usr/lib/jvm/java-8-oracle/jre/lib/amd64/libjava.so
7f800edde000-7f800ede0000 rw-p 0002a000 08:01 3562253                    /usr/lib/jvm/java-8-oracle/jre/lib/amd64/libjava.so
7f800ede0000-7f800eded000 r-xp 00000000 08:01 3562237                    /usr/lib/jvm/java-8-oracle/jre/lib/amd64/libverify.so
7f800eded000-7f800efed000 ---p 0000d000 08:01 3562237                    /usr/lib/jvm/java-8-oracle/jre/lib/amd64/libverify.so
7f800efed000-7f800efef000 rw-p 0000d000 08:01 3562237                    /usr/lib/jvm/java-8-oracle/jre/lib/amd64/libverify.so
7f800efef000-7f800eff6000 r-xp 00000000 08:01 528713                     /lib/x86_64-linux-gnu/librt-2.19.so
7f800eff6000-7f800f1f5000 ---p 00007000 08:01 528713                     /lib/x86_64-linux-gnu/librt-2.19.so
7f800f1f5000-7f800f1f6000 r--p 00006000 08:01 528713                     /lib/x86_64-linux-gnu/librt-2.19.so
7f800f1f6000-7f800f1f7000 rw-p 00007000 08:01 528713                     /lib/x86_64-linux-gnu/librt-2.19.so
7f800f1f7000-7f800f2fc000 r-xp 00000000 08:01 528635                     /lib/x86_64-linux-gnu/libm-2.19.so
7f800f2fc000-7f800f4fb000 ---p 00105000 08:01 528635                     /lib/x86_64-linux-gnu/libm-2.19.so
7f800f4fb000-7f800f4fc000 r--p 00104000 08:01 528635                     /lib/x86_64-linux-gnu/libm-2.19.so
7f800f4fc000-7f800f4fd000 rw-p 00105000 08:01 528635                     /lib/x86_64-linux-gnu/libm-2.19.so
7f800f4fd000-7f80101bc000 r-xp 00000000 08:01 3562260                    /usr/lib/jvm/java-8-oracle/jre/lib/amd64/server/libjvm.so
7f80101bc000-7f80103bb000 ---p 00cbf000 08:01 3562260                    /usr/lib/jvm/java-8-oracle/jre/lib/amd64/server/libjvm.so
7f80103bb000-7f8010494000 rw-p 00cbe000 08:01 3562260                    /usr/lib/jvm/java-8-oracle/jre/lib/amd64/server/libjvm.so
7f8010494000-7f80104dd000 rw-p 00000000 00:00 0 
7f80104dd000-7f8010698000 r-xp 00000000 08:01 528585                     /lib/x86_64-linux-gnu/libc-2.19.so
7f8010698000-7f8010897000 ---p 001bb000 08:01 528585                     /lib/x86_64-linux-gnu/libc-2.19.so
7f8010897000-7f801089b000 r--p 001ba000 08:01 528585                     /lib/x86_64-linux-gnu/libc-2.19.so
7f801089b000-7f801089d000 rw-p 001be000 08:01 528585                     /lib/x86_64-linux-gnu/libc-2.19.so
7f801089d000-7f80108a2000 rw-p 00000000 00:00 0 
7f80108a2000-7f80108a5000 r-xp 00000000 08:01 528602                     /lib/x86_64-linux-gnu/libdl-2.19.so
7f80108a5000-7f8010aa4000 ---p 00003000 08:01 528602                     /lib/x86_64-linux-gnu/libdl-2.19.so
7f8010aa4000-7f8010aa5000 r--p 00002000 08:01 528602                     /lib/x86_64-linux-gnu/libdl-2.19.so
7f8010aa5000-7f8010aa6000 rw-p 00003000 08:01 528602                     /lib/x86_64-linux-gnu/libdl-2.19.so
7f8010aa6000-7f8010abb000 r-xp 00000000 08:01 3549467                    /usr/lib/jvm/java-8-oracle/lib/amd64/jli/libjli.so
7f8010abb000-7f8010cbb000 ---p 00015000 08:01 3549467                    /usr/lib/jvm/java-8-oracle/lib/amd64/jli/libjli.so
7f8010cbb000-7f8010cbc000 rw-p 00015000 08:01 3549467                    /usr/lib/jvm/java-8-oracle/lib/amd64/jli/libjli.so
7f8010cbc000-7f8010cd5000 r-xp 00000000 08:01 528705                     /lib/x86_64-linux-gnu/libpthread-2.19.so
7f8010cd5000-7f8010ed4000 ---p 00019000 08:01 528705                     /lib/x86_64-linux-gnu/libpthread-2.19.so
7f8010ed4000-7f8010ed5000 r--p 00018000 08:01 528705                     /lib/x86_64-linux-gnu/libpthread-2.19.so
7f8010ed5000-7f8010ed6000 rw-p 00019000 08:01 528705                     /lib/x86_64-linux-gnu/libpthread-2.19.so
7f8010ed6000-7f8010eda000 rw-p 00000000 00:00 0 
7f8010eda000-7f8010efd000 r-xp 00000000 08:01 528561                     /lib/x86_64-linux-gnu/ld-2.19.so
7f8010fd8000-7f8010fdb000 ---p 00000000 00:00 0 
7f8010fdb000-7f80110dd000 rw-p 00000000 00:00 0                          [stack:8398]
7f80110ed000-7f80110f0000 rw-p 00000000 00:00 0 
7f80110f0000-7f80110f8000 rw-s 00000000 08:01 4721789                    /tmp/hsperfdata_root/8397
7f80110f8000-7f80110f9000 rw-p 00000000 00:00 0 
7f80110f9000-7f80110fa000 r--p 00000000 00:00 0 
7f80110fa000-7f80110fc000 rw-p 00000000 00:00 0 
7f80110fc000-7f80110fd000 r--p 00022000 08:01 528561                     /lib/x86_64-linux-gnu/ld-2.19.so
7f80110fd000-7f80110fe000 rw-p 00023000 08:01 528561                     /lib/x86_64-linux-gnu/ld-2.19.so
7f80110fe000-7f80110ff000 rw-p 00000000 00:00 0 
7fffc6e7b000-7fffc6e9c000 rw-p 00000000 00:00 0                          [stack]
7fffc6fe0000-7fffc6fe2000 r--p 00000000 00:00 0                          [vvar]
7fffc6fe2000-7fffc6fe4000 r-xp 00000000 00:00 0                          [vdso]
ffffffffff600000-ffffffffff601000 r-xp 00000000 00:00 0                  [vsyscall]

VM Arguments:
jvm_args: -Djava.util.logging.manager=org.apache.juli.ClassLoaderLogManager -Xmx7500m -Xms4000m -Djava.endorsed.dirs=/usr/local/tomcat/endorsed -Dcatalina.base=/usr/local/tomcat -Dcatalina.home=/usr/local/tomcat -Djava.io.tmpdir=/usr/local/tomcat/temp 
java_command: org.apache.catalina.startup.Bootstrap stop
java_class_path (initial): /usr/local/tomcat/bin/bootstrap.jar:/usr/local/tomcat/bin/tomcat-juli.jar
Launcher Type: SUN_STANDARD

Environment Variables:
JAVA_HOME=/usr/lib/jvm/java-8-oracle/
PATH=/usr/local/sbin:/usr/local/bin:/usr/sbin:/usr/bin:/sbin:/bin
USERNAME=root
SHELL=/bin/bash
DISPLAY=:0

Signal Handlers:
SIGSEGV: [libjvm.so+0xabb070], sa_mask[0]=11111111011111111101111111111110, sa_flags=SA_RESTART|SA_SIGINFO
SIGBUS: [libjvm.so+0xabb070], sa_mask[0]=11111111011111111101111111111110, sa_flags=SA_RESTART|SA_SIGINFO
SIGFPE: [libjvm.so+0x918480], sa_mask[0]=11111111011111111101111111111110, sa_flags=SA_RESTART|SA_SIGINFO
SIGPIPE: [libjvm.so+0x918480], sa_mask[0]=11111111011111111101111111111110, sa_flags=SA_RESTART|SA_SIGINFO
SIGXFSZ: [libjvm.so+0x918480], sa_mask[0]=11111111011111111101111111111110, sa_flags=SA_RESTART|SA_SIGINFO
SIGILL: [libjvm.so+0x918480], sa_mask[0]=11111111011111111101111111111110, sa_flags=SA_RESTART|SA_SIGINFO
SIGUSR1: SIG_DFL, sa_mask[0]=00000000000000000000000000000000, sa_flags=none
SIGUSR2: [libjvm.so+0x919ab0], sa_mask[0]=00000000000000000000000000000000, sa_flags=SA_RESTART|SA_SIGINFO
SIGHUP: SIG_DFL, sa_mask[0]=00000000000000000000000000000000, sa_flags=none
SIGINT: SIG_DFL, sa_mask[0]=00000000000000000000000000000000, sa_flags=none
SIGTERM: SIG_DFL, sa_mask[0]=00000000000000000000000000000000, sa_flags=none
SIGQUIT: SIG_DFL, sa_mask[0]=00000000000000000000000000000000, sa_flags=none


---------------  S Y S T E M  ---------------

OS:DISTRIB_ID=Ubuntu
DISTRIB_RELEASE=14.04
DISTRIB_CODENAME=trusty
DISTRIB_DESCRIPTION="Ubuntu 14.04.4 LTS"

uname:Linux 4.2.0-27-generic #32~14.04.1-Ubuntu SMP Fri Jan 22 15:32:26 UTC 2016 x86_64
libc:glibc 2.19 NPTL 2.19 
rlimit: STACK 8192k, CORE 0k, NPROC 15459, NOFILE 4096, AS infinity
load average:1.74 0.60 0.33

/proc/meminfo:
MemTotal:        3979184 kB
MemFree:           30052 kB
MemAvailable:     113536 kB
Buffers:            2160 kB
Cached:           398364 kB
SwapCached:        31716 kB
Active:          2732208 kB
Inactive:        1039976 kB
Active(anon):    2691144 kB
Inactive(anon):  1001112 kB
Active(file):      41064 kB
Inactive(file):    38864 kB
Unevictable:          48 kB
Mlocked:              48 kB
SwapTotal:       4125692 kB
SwapFree:        2291044 kB
Dirty:               140 kB
Writeback:          4180 kB
AnonPages:       3363560 kB
Mapped:           291480 kB
Shmem:            320448 kB
Slab:              69740 kB
SReclaimable:      33028 kB
SUnreclaim:        36712 kB
KernelStack:        9968 kB
PageTables:        55120 kB
NFS_Unstable:          0 kB
Bounce:                0 kB
WritebackTmp:          0 kB
CommitLimit:     6115284 kB
Committed_AS:   21296104 kB
VmallocTotal:   34359738367 kB
VmallocUsed:      545856 kB
VmallocChunk:   34358423548 kB
HardwareCorrupted:     0 kB
AnonHugePages:   1273856 kB
CmaTotal:              0 kB
CmaFree:               0 kB
HugePages_Total:       0
HugePages_Free:        0
HugePages_Rsvd:        0
HugePages_Surp:        0
Hugepagesize:       2048 kB
DirectMap4k:      137988 kB
DirectMap2M:     3989504 kB


CPU:total 4 (2 cores per cpu, 2 threads per core) family 6 model 42 stepping 7, cmov, cx8, fxsr, mmx, sse, sse2, sse3, ssse3, sse4.1, sse4.2, popcnt, avx, aes, clmul, ht, tsc, tscinvbit

/proc/cpuinfo:
processor	: 0
vendor_id	: GenuineIntel
cpu family	: 6
model		: 42
model name	: Intel(R) Core(TM) i7-2620M CPU @ 2.70GHz
stepping	: 7
microcode	: 0x14
cpu MHz		: 3347.894
cache size	: 4096 KB
physical id	: 0
siblings	: 4
core id		: 0
cpu cores	: 2
apicid		: 0
initial apicid	: 0
fpu		: yes
fpu_exception	: yes
cpuid level	: 13
wp		: yes
flags		: fpu vme de pse tsc msr pae mce cx8 apic sep mtrr pge mca cmov pat pse36 clflush dts acpi mmx fxsr sse sse2 ss ht tm pbe syscall nx rdtscp lm constant_tsc arch_perfmon pebs bts rep_good nopl xtopology nonstop_tsc aperfmperf eagerfpu pni pclmulqdq dtes64 monitor ds_cpl vmx smx est tm2 ssse3 cx16 xtpr pdcm pcid sse4_1 sse4_2 x2apic popcnt tsc_deadline_timer aes xsave avx lahf_lm ida arat epb pln pts dtherm tpr_shadow vnmi flexpriority ept vpid xsaveopt
bugs		:
bogomips	: 5387.58
clflush size	: 64
cache_alignment	: 64
address sizes	: 36 bits physical, 48 bits virtual
power management:

processor	: 1
vendor_id	: GenuineIntel
cpu family	: 6
model		: 42
model name	: Intel(R) Core(TM) i7-2620M CPU @ 2.70GHz
stepping	: 7
microcode	: 0x14
cpu MHz		: 3299.695
cache size	: 4096 KB
physical id	: 0
siblings	: 4
core id		: 0
cpu cores	: 2
apicid		: 1
initial apicid	: 1
fpu		: yes
fpu_exception	: yes
cpuid level	: 13
wp		: yes
flags		: fpu vme de pse tsc msr pae mce cx8 apic sep mtrr pge mca cmov pat pse36 clflush dts acpi mmx fxsr sse sse2 ss ht tm pbe syscall nx rdtscp lm constant_tsc arch_perfmon pebs bts rep_good nopl xtopology nonstop_tsc aperfmperf eagerfpu pni pclmulqdq dtes64 monitor ds_cpl vmx smx est tm2 ssse3 cx16 xtpr pdcm pcid sse4_1 sse4_2 x2apic popcnt tsc_deadline_timer aes xsave avx lahf_lm ida arat epb pln pts dtherm tpr_shadow vnmi flexpriority ept vpid xsaveopt
bugs		:
bogomips	: 5387.58
clflush size	: 64
cache_alignment	: 64
address sizes	: 36 bits physical, 48 bits virtual
power management:

processor	: 2
vendor_id	: GenuineIntel
cpu family	: 6
model		: 42
model name	: Intel(R) Core(TM) i7-2620M CPU @ 2.70GHz
stepping	: 7
microcode	: 0x14
cpu MHz		: 3199.921
cache size	: 4096 KB
physical id	: 0
siblings	: 4
core id		: 1
cpu cores	: 2
apicid		: 2
initial apicid	: 2
fpu		: yes
fpu_exception	: yes
cpuid level	: 13
wp		: yes
flags		: fpu vme de pse tsc msr pae mce cx8 apic sep mtrr pge mca cmov pat pse36 clflush dts acpi mmx fxsr sse sse2 ss ht tm pbe syscall nx rdtscp lm constant_tsc arch_perfmon pebs bts rep_good nopl xtopology nonstop_tsc aperfmperf eagerfpu pni pclmulqdq dtes64 monitor ds_cpl vmx smx est tm2 ssse3 cx16 xtpr pdcm pcid sse4_1 sse4_2 x2apic popcnt tsc_deadline_timer aes xsave avx lahf_lm ida arat epb pln pts dtherm tpr_shadow vnmi flexpriority ept vpid xsaveopt
bugs		:
bogomips	: 5387.58
clflush size	: 64
cache_alignment	: 64
address sizes	: 36 bits physical, 48 bits virtual
power management:

processor	: 3
vendor_id	: GenuineIntel
cpu family	: 6
model		: 42
model name	: Intel(R) Core(TM) i7-2620M CPU @ 2.70GHz
stepping	: 7
microcode	: 0x14
cpu MHz		: 3199.921
cache size	: 4096 KB
physical id	: 0
siblings	: 4
core id		: 1
cpu cores	: 2
apicid		: 3
initial apicid	: 3
fpu		: yes
fpu_exception	: yes
cpuid level	: 13
wp		: yes
flags		: fpu vme de pse tsc msr pae mce cx8 apic sep mtrr pge mca cmov pat pse36 clflush dts acpi mmx fxsr sse sse2 ss ht tm pbe syscall nx rdtscp lm constant_tsc arch_perfmon pebs bts rep_good nopl xtopology nonstop_tsc aperfmperf eagerfpu pni pclmulqdq dtes64 monitor ds_cpl vmx smx est tm2 ssse3 cx16 xtpr pdcm pcid sse4_1 sse4_2 x2apic popcnt tsc_deadline_timer aes xsave avx lahf_lm ida arat epb pln pts dtherm tpr_shadow vnmi flexpriority ept vpid xsaveopt
bugs		:
bogomips	: 5387.58
clflush size	: 64
cache_alignment	: 64
address sizes	: 36 bits physical, 48 bits virtual
power management:



Memory: 4k page, physical 3979184k(30052k free), swap 4125692k(2290856k free)

vm_info: Java HotSpot(TM) 64-Bit Server VM (25.77-b03) for linux-amd64 JRE (1.8.0_77-b03), built on Mar 20 2016 22:00:46 by "java_re" with gcc 4.3.0 20080428 (Red Hat 4.3.0-8)

time: Mon May  2 08:28:29 2016
elapsed time: 0 seconds (0d 0h 0m 0s)

